<?xml version="1.0" encoding="UTF-8"?>
<!-- Generated by org.testng.reporters.JUnitReportReporter -->
<testsuite hostname="LAPTOP-KGLKBPSV" failures="0" tests="1" name="validation.ValidationEx" time="3.581" errors="0" timestamp="2025-03-20T15:48:00 IST" skipped="0">
  <testcase classname="validation.ValidationEx" name="validateCookies" time="3.581"/>
</testsuite> <!-- validation.ValidationEx -->
