<?xml version="1.0" encoding="UTF-8"?>
<!-- Generated by org.testng.reporters.JUnitReportReporter -->
<testsuite hostname="LAPTOP-KGLKBPSV" failures="0" tests="2" name="serializDeserialization.SerializDeserialize" time="0.309" errors="0" timestamp="2025-03-27T10:58:42 IST" skipped="0">
  <testcase classname="serializDeserialization.SerializDeserialize" name="serilaizationTest" time="0.280"/>
  <testcase classname="serializDeserialization.SerializDeserialize" name="deSerilaizationTest" time="0.029"/>
</testsuite> <!-- serializDeserialization.SerializDeserialize -->
