<?xml version="1.0" encoding="UTF-8"?>
<!-- Generated by org.testng.reporters.JUnitReportReporter -->
<testsuite hostname="LAPTOP-KGLKBPSV" failures="0" tests="1" name="validation.ValidationEx" time="5.134" errors="0" timestamp="2025-03-25T11:37:26 IST" skipped="0">
  <testcase classname="validation.ValidationEx" name="getHeaders" time="5.134"/>
</testsuite> <!-- validation.ValidationEx -->
