<?xml version="1.0" encoding="UTF-8"?>
<!-- Generated by org.testng.reporters.JUnitReportReporter -->
<testsuite hostname="LAPTOP-KGLKBPSV" failures="0" tests="1" name="restassured2.ReadFromJsonFiles" time="3.422" errors="0" timestamp="2025-03-20T11:25:49 IST" skipped="0">
  <testcase classname="restassured2.ReadFromJsonFiles" name="postReqTest" time="3.422"/>
</testsuite> <!-- restassured2.ReadFromJsonFiles -->
