<?xml version="1.0" encoding="UTF-8"?>
<!-- Generated by org.testng.reporters.JUnitReportReporter -->
<testsuite hostname="LAPTOP-KGLKBPSV" failures="0" tests="1" name="jsonparsing.ParsingJsonData" time="2.728" errors="0" timestamp="2025-03-27T10:33:55 IST" skipped="0">
  <testcase classname="jsonparsing.ParsingJsonData" name="parseTheData" time="2.728"/>
</testsuite> <!-- jsonparsing.ParsingJsonData -->
