<?xml version="1.0" encoding="UTF-8"?>
<!-- Generated by org.testng.reporters.JUnitReportReporter -->
<testsuite hostname="LAPTOP-KGLKBPSV" failures="0" tests="2" name="restassueredex.RestAssredFDemo" time="3.404" errors="0" timestamp="2025-03-19T12:14:31 IST" skipped="1">
  <testcase classname="restassueredex.RestAssredFDemo" name="getReqTest" time="3.404"/>
  <testcase classname="restassueredex.RestAssredFDemo" name="testGetReq">
    <skipped/>
  </testcase> <!-- testGetReq -->
</testsuite> <!-- restassueredex.RestAssredFDemo -->
