<?xml version="1.0" encoding="UTF-8"?>
<!-- Generated by org.testng.reporters.JUnitReportReporter -->
<testsuite hostname="LAPTOP-KGLKBPSV" failures="0" tests="1" name="schemavalidation.SchemaValidationEx" time="2.624" errors="0" timestamp="2025-03-27T10:20:02 IST" skipped="0">
  <testcase classname="schemavalidation.SchemaValidationEx" name="schemaValidation" time="2.624"/>
</testsuite> <!-- schemavalidation.SchemaValidationEx -->
